<?xml version="1.0" encoding="UTF-8"?>
<testsuite xmlns:xsi="http://www.w3.org/2001/XMLSchema-instance" xsi:noNamespaceSchemaLocation="https://maven.apache.org/surefire/maven-surefire-plugin/xsd/surefire-test-report-3.0.xsd" version="3.0" name="multibags.RunCucumberTest" time="25.485" tests="5" errors="0" skipped="0" failures="0">
  <properties>
[...]
</properties>
  <testcase name="Example #1" classname="Examples" time="5.397">
    <system-out><![CDATA[
Scenario Outline: Access the Sign In screen            &amp#27;[90m# multibags/Login.feature:16&amp#27;[0m
  &amp#27;[32mGiven &amp#27;[0m&amp#27;[32mthat the user accessed the functionality login&amp#27;[0m &amp#27;[90m# multibags.LoginStepDefinitions.logiIn(io.cucumber.datatable.DataTable)&amp#27;[0m
    | My Account |
    | Sign In    |
  &amp#27;[32mAnd &amp#27;[0m&amp#27;[32mthe customer email address &amp#27;[0m&amp#27;[32m&amp#27;[1m"carlos@adao.com"&amp#27;[0m     &amp#27;[90m# multibags.LoginStepDefinitions.the_customer_email_address(java.lang.String)&amp#27;[0m
  &amp#27;[32mAnd &amp#27;[0m&amp#27;[32mthe password &amp#27;[0m&amp#27;[32m&amp#27;[1m"123456"&amp#27;[0m                            &amp#27;[90m# multibags.LoginStepDefinitions.the_password(java.lang.String)&amp#27;[0m
  &amp#27;[32mWhen &amp#27;[0m&amp#27;[32mclick on the SIGN IN button&amp#27;[0m                     &amp#27;[90m# multibags.LoginStepDefinitions.click_on_the_button()&amp#27;[0m
  &amp#27;[32mThen &amp#27;[0m&amp#27;[32mshould login &amp#27;[0m&amp#27;[32m&amp#27;[1m"false"&amp#27;[0m                            &amp#27;[90m# multibags.LoginStepDefinitions.should_login(java.lang.String)&amp#27;[0m
]]></system-out>
    <system-err><![CDATA[1638649469032	geckodriver	INFO	Listening on 127.0.0.1:2108
1638649469504	mozrunner::runner	INFO	Running command: "C:\\Program Files\\Mozilla Firefox\\firefox.exe" "--marionette" "--headless" "-no-remote" "-profile" "C:\\Users\\Leonardo\\AppData\\Local\\Temp\\rust_mozprofileeyoHM5"
*** You are running in headless mode.
1638649469905	Marionette	INFO	Marionette enabled
[GFX1-]: RenderCompositorSWGL failed mapping default framebuffer, no dt
console.warn: SearchSettings: "get: No settings file exists, new profile?" (new NotFoundError("Could not open the file at C:\\Users\\Leonardo\\AppData\\Local\\Temp\\rust_mozprofileeyoHM5\\search.json.mozlz4", (void 0)))
1638649470775	Marionette	INFO	Listening on port 53519
1638649471063	RemoteAgent	WARN	TLS certificate errors will be ignored for this session
dez 04, 2021 6:24:31 PM org.openqa.selenium.remote.ProtocolHandshake createSession
INFORMAÇÕES: Detected dialect: W3C
1638649473461	Marionette	INFO	Stopped listening on port 53519
]]></system-err>
  </testcase>
  <testcase name="Example #2" classname="Examples" time="4.971">
    <system-out><![CDATA[
Scenario Outline: Access the Sign In screen            &amp#27;[90m# multibags/Login.feature:17&amp#27;[0m
  &amp#27;[32mGiven &amp#27;[0m&amp#27;[32mthat the user accessed the functionality login&amp#27;[0m &amp#27;[90m# multibags.LoginStepDefinitions.logiIn(io.cucumber.datatable.DataTable)&amp#27;[0m
    | My Account |
    | Sign In    |
  &amp#27;[32mAnd &amp#27;[0m&amp#27;[32mthe customer email address &amp#27;[0m&amp#27;[32m&amp#27;[1m"carlos@adao.com"&amp#27;[0m     &amp#27;[90m# multibags.LoginStepDefinitions.the_customer_email_address(java.lang.String)&amp#27;[0m
  &amp#27;[32mAnd &amp#27;[0m&amp#27;[32mthe password &amp#27;[0m&amp#27;[32m&amp#27;[1m"wrongPassword"&amp#27;[0m                     &amp#27;[90m# multibags.LoginStepDefinitions.the_password(java.lang.String)&amp#27;[0m
  &amp#27;[32mWhen &amp#27;[0m&amp#27;[32mclick on the SIGN IN button&amp#27;[0m                     &amp#27;[90m# multibags.LoginStepDefinitions.click_on_the_button()&amp#27;[0m
  &amp#27;[32mThen &amp#27;[0m&amp#27;[32mshould login &amp#27;[0m&amp#27;[32m&amp#27;[1m"false"&amp#27;[0m                            &amp#27;[90m# multibags.LoginStepDefinitions.should_login(java.lang.String)&amp#27;[0m
]]></system-out>
    <system-err><![CDATA[1638649474264	geckodriver	INFO	Listening on 127.0.0.1:7886
1638649474582	mozrunner::runner	INFO	Running command: "C:\\Program Files\\Mozilla Firefox\\firefox.exe" "--marionette" "--headless" "-no-remote" "-profile" "C:\\Users\\Leonardo\\AppData\\Local\\Temp\\rust_mozprofilebvnNLd"
*** You are running in headless mode.
1638649475023	Marionette	INFO	Marionette enabled
[GFX1-]: RenderCompositorSWGL failed mapping default framebuffer, no dt
console.warn: SearchSettings: "get: No settings file exists, new profile?" (new NotFoundError("Could not open the file at C:\\Users\\Leonardo\\AppData\\Local\\Temp\\rust_mozprofilebvnNLd\\search.json.mozlz4", (void 0)))
1638649475877	Marionette	INFO	Listening on port 53586
1638649476136	RemoteAgent	WARN	TLS certificate errors will be ignored for this session
dez 04, 2021 6:24:36 PM org.openqa.selenium.remote.ProtocolHandshake createSession
INFORMAÇÕES: Detected dialect: W3C
1638649478430	Marionette	INFO	Stopped listening on port 53586
]]></system-err>
  </testcase>
  <testcase name="Example #3" classname="Examples" time="5.092">
    <system-out><![CDATA[
Scenario Outline: Access the Sign In screen            &amp#27;[90m# multibags/Login.feature:18&amp#27;[0m
  &amp#27;[32mGiven &amp#27;[0m&amp#27;[32mthat the user accessed the functionality login&amp#27;[0m &amp#27;[90m# multibags.LoginStepDefinitions.logiIn(io.cucumber.datatable.DataTable)&amp#27;[0m
    | My Account |
    | Sign In    |
  &amp#27;[32mAnd &amp#27;[0m&amp#27;[32mthe customer email address &amp#27;[0m&amp#27;[32m&amp#27;[1m"carlos.com"&amp#27;[0m          &amp#27;[90m# multibags.LoginStepDefinitions.the_customer_email_address(java.lang.String)&amp#27;[0m
  &amp#27;[32mAnd &amp#27;[0m&amp#27;[32mthe password &amp#27;[0m&amp#27;[32m&amp#27;[1m"123456"&amp#27;[0m                            &amp#27;[90m# multibags.LoginStepDefinitions.the_password(java.lang.String)&amp#27;[0m
  &amp#27;[32mWhen &amp#27;[0m&amp#27;[32mclick on the SIGN IN button&amp#27;[0m                     &amp#27;[90m# multibags.LoginStepDefinitions.click_on_the_button()&amp#27;[0m
  &amp#27;[32mThen &amp#27;[0m&amp#27;[32mshould login &amp#27;[0m&amp#27;[32m&amp#27;[1m"false"&amp#27;[0m                            &amp#27;[90m# multibags.LoginStepDefinitions.should_login(java.lang.String)&amp#27;[0m
]]></system-out>
    <system-err><![CDATA[1638649479156	geckodriver	INFO	Listening on 127.0.0.1:17716
1638649479540	mozrunner::runner	INFO	Running command: "C:\\Program Files\\Mozilla Firefox\\firefox.exe" "--marionette" "--headless" "-no-remote" "-profile" "C:\\Users\\Leonardo\\AppData\\Local\\Temp\\rust_mozprofileNnzTGg"
*** You are running in headless mode.
1638649479918	Marionette	INFO	Marionette enabled
[GFX1-]: RenderCompositorSWGL failed mapping default framebuffer, no dt
console.warn: SearchSettings: "get: No settings file exists, new profile?" (new NotFoundError("Could not open the file at C:\\Users\\Leonardo\\AppData\\Local\\Temp\\rust_mozprofileNnzTGg\\search.json.mozlz4", (void 0)))
1638649480761	Marionette	INFO	Listening on port 53650
1638649481083	RemoteAgent	WARN	TLS certificate errors will be ignored for this session
dez 04, 2021 6:24:41 PM org.openqa.selenium.remote.ProtocolHandshake createSession
INFORMAÇÕES: Detected dialect: W3C
1638649483525	Marionette	INFO	Stopped listening on port 53650

###!!! [Parent][RunMessage] Error: Channel closing: too late to send/recv, messages will be lost

]]></system-err>
  </testcase>
  <testcase name="Example #4" classname="Examples" time="5">
    <system-out><![CDATA[
Scenario Outline: Access the Sign In screen            &amp#27;[90m# multibags/Login.feature:19&amp#27;[0m
  &amp#27;[32mGiven &amp#27;[0m&amp#27;[32mthat the user accessed the functionality login&amp#27;[0m &amp#27;[90m# multibags.LoginStepDefinitions.logiIn(io.cucumber.datatable.DataTable)&amp#27;[0m
    | My Account |
    | Sign In    |
  &amp#27;[32mAnd &amp#27;[0m&amp#27;[32mthe customer email address &amp#27;[0m&amp#27;[32m&amp#27;[1m"carlos.com"&amp#27;[0m          &amp#27;[90m# multibags.LoginStepDefinitions.the_customer_email_address(java.lang.String)&amp#27;[0m
  &amp#27;[32mAnd &amp#27;[0m&amp#27;[32mthe password &amp#27;[0m&amp#27;[32m&amp#27;[1m"wrongPassword"&amp#27;[0m                     &amp#27;[90m# multibags.LoginStepDefinitions.the_password(java.lang.String)&amp#27;[0m
  &amp#27;[32mWhen &amp#27;[0m&amp#27;[32mclick on the SIGN IN button&amp#27;[0m                     &amp#27;[90m# multibags.LoginStepDefinitions.click_on_the_button()&amp#27;[0m
  &amp#27;[32mThen &amp#27;[0m&amp#27;[32mshould login &amp#27;[0m&amp#27;[32m&amp#27;[1m"false"&amp#27;[0m                            &amp#27;[90m# multibags.LoginStepDefinitions.should_login(java.lang.String)&amp#27;[0m
]]></system-out>
    <system-err><![CDATA[1638649484278	geckodriver	INFO	Listening on 127.0.0.1:6021
1638649484630	mozrunner::runner	INFO	Running command: "C:\\Program Files\\Mozilla Firefox\\firefox.exe" "--marionette" "--headless" "-no-remote" "-profile" "C:\\Users\\Leonardo\\AppData\\Local\\Temp\\rust_mozprofilewRpOhQ"
*** You are running in headless mode.
1638649485041	Marionette	INFO	Marionette enabled
[GFX1-]: RenderCompositorSWGL failed mapping default framebuffer, no dt
console.warn: SearchSettings: "get: No settings file exists, new profile?" (new NotFoundError("Could not open the file at C:\\Users\\Leonardo\\AppData\\Local\\Temp\\rust_mozprofilewRpOhQ\\search.json.mozlz4", (void 0)))
1638649485894	Marionette	INFO	Listening on port 53710
1638649486180	RemoteAgent	WARN	TLS certificate errors will be ignored for this session
dez 04, 2021 6:24:46 PM org.openqa.selenium.remote.ProtocolHandshake createSession
INFORMAÇÕES: Detected dialect: W3C
1638649488527	Marionette	INFO	Stopped listening on port 53710
]]></system-err>
  </testcase>
  <testcase name="Example #5" classname="Examples" time="4.964">
    <system-out><![CDATA[
Scenario Outline: Access the Sign In screen            &amp#27;[90m# multibags/Login.feature:20&amp#27;[0m
  &amp#27;[32mGiven &amp#27;[0m&amp#27;[32mthat the user accessed the functionality login&amp#27;[0m &amp#27;[90m# multibags.LoginStepDefinitions.logiIn(io.cucumber.datatable.DataTable)&amp#27;[0m
    | My Account |
    | Sign In    |
  &amp#27;[32mAnd &amp#27;[0m&amp#27;[32mthe customer email address &amp#27;[0m&amp#27;[32m&amp#27;[1m"teste@teste.com"&amp#27;[0m     &amp#27;[90m# multibags.LoginStepDefinitions.the_customer_email_address(java.lang.String)&amp#27;[0m
  &amp#27;[32mAnd &amp#27;[0m&amp#27;[32mthe password &amp#27;[0m&amp#27;[32m&amp#27;[1m"123456"&amp#27;[0m                            &amp#27;[90m# multibags.LoginStepDefinitions.the_password(java.lang.String)&amp#27;[0m
  &amp#27;[32mWhen &amp#27;[0m&amp#27;[32mclick on the SIGN IN button&amp#27;[0m                     &amp#27;[90m# multibags.LoginStepDefinitions.click_on_the_button()&amp#27;[0m
  &amp#27;[32mThen &amp#27;[0m&amp#27;[32mshould login &amp#27;[0m&amp#27;[32m&amp#27;[1m"true"&amp#27;[0m                             &amp#27;[90m# multibags.LoginStepDefinitions.should_login(java.lang.String)&amp#27;[0m
]]></system-out>
    <system-err><![CDATA[1638649489281	geckodriver	INFO	Listening on 127.0.0.1:29134
1638649489633	mozrunner::runner	INFO	Running command: "C:\\Program Files\\Mozilla Firefox\\firefox.exe" "--marionette" "--headless" "-no-remote" "-profile" "C:\\Users\\Leonardo\\AppData\\Local\\Temp\\rust_mozprofile7M8AFO"
*** You are running in headless mode.
1638649490048	Marionette	INFO	Marionette enabled
[GFX1-]: RenderCompositorSWGL failed mapping default framebuffer, no dt
console.warn: SearchSettings: "get: No settings file exists, new profile?" (new NotFoundError("Could not open the file at C:\\Users\\Leonardo\\AppData\\Local\\Temp\\rust_mozprofile7M8AFO\\search.json.mozlz4", (void 0)))
1638649490911	Marionette	INFO	Listening on port 53773
1638649491174	RemoteAgent	WARN	TLS certificate errors will be ignored for this session
dez 04, 2021 6:24:51 PM org.openqa.selenium.remote.ProtocolHandshake createSession
INFORMAÇÕES: Detected dialect: W3C
1638649493485	Marionette	INFO	Stopped listening on port 53773
]]></system-err>
  </testcase>
</testsuite>